<?xml version="1.0" encoding="UTF-8"?>
<!-- Generated by org.testng.reporters.JUnitReportReporter -->
<testsuite skipped="0" hostname="MAVBCP27" name="com.ether.testcases.GeneralStoreTest" tests="3" failures="0" timestamp="09 Jun 2020 05:40:55 GMT" time="16.727" errors="0">
  <testcase name="productPriceTest" time="0.111" classname="com.ether.testcases.GeneralStoreTest"/>
  <testcase name="homePage" time="16.513" classname="com.ether.testcases.GeneralStoreTest"/>
  <testcase name="productPriceTest" time="0.103" classname="com.ether.testcases.GeneralStoreTest"/>
</testsuite> <!-- com.ether.testcases.GeneralStoreTest -->
