<?xml version="1.0" encoding="UTF-8"?>
<!-- Generated by org.testng.reporters.JUnitReportReporter -->
<testsuite skipped="0" hostname="MAVBCP27" name="com.ether.testcases.GeneralStoreTest" tests="4" failures="0" timestamp="09 Jun 2020 07:53:53 GMT" time="19.975" errors="0">
  <testcase name="productPriceTest" time="0.175" classname="com.ether.testcases.GeneralStoreTest"/>
  <testcase name="productPriceTest" time="0.176" classname="com.ether.testcases.GeneralStoreTest"/>
  <testcase name="addProductToCartTest" time="5.315" classname="com.ether.testcases.GeneralStoreTest"/>
  <testcase name="homePage" time="14.309" classname="com.ether.testcases.GeneralStoreTest"/>
</testsuite> <!-- com.ether.testcases.GeneralStoreTest -->
