<?xml version="1.0" encoding="UTF-8"?>
<!-- Generated by org.testng.reporters.JUnitReportReporter -->
<testsuite skipped="0" hostname="MAVBCP27" name="com.ether.testcases.GeneralStoreTest" tests="4" failures="0" timestamp="09 Jun 2020 13:00:55 GMT" time="15.424" errors="0">
  <testcase name="homePage" time="7.887" classname="com.ether.testcases.GeneralStoreTest"/>
  <testcase name="addProductToCartTest" time="7.081" classname="com.ether.testcases.GeneralStoreTest"/>
  <testcase name="productPriceTest" time="0.242" classname="com.ether.testcases.GeneralStoreTest"/>
  <testcase name="productPriceTest" time="0.214" classname="com.ether.testcases.GeneralStoreTest"/>
</testsuite> <!-- com.ether.testcases.GeneralStoreTest -->
